android/app/build/intermediates/manifest_merge_blame_file/debug/manifest-merger-blame-debug-report.txt
1<?xml version="1.0" encoding="utf-8"?>
2<manifest xmlns:android="http://schemas.android.com/apk/res/android"
3    package="com.finalssna"
4    android:versionCode="1"
5    android:versionName="1.0" >
6
7    <uses-sdk
8        android:minSdkVersion="21"
9        android:targetSdkVersion="34" />
10
11    <uses-permission android:name="android.permission.INTERNET" />
11-->src\main\AndroidManifest.xml:3:5-67
11-->src\main\AndroidManifest.xml:3:22-64
12    <uses-permission android:name="android.permission.WAKE_LOCK" />
12-->[:react-native-firebase_auth] AndroidManifest.xml:8:5-68
12-->[:react-native-firebase_auth] AndroidManifest.xml:8:22-65
13    <uses-permission android:name="android.permission.ACCESS_NETWORK_STATE" />
13-->[:react-native-firebase_auth] AndroidManifest.xml:9:5-79
13-->[:react-native-firebase_auth] AndroidManifest.xml:9:22-76
14    <!--
15    This manifest file is used only by Gradle to configure debug-only capabilities
16    for React Native Apps.
17    -->
18    <uses-permission android:name="android.permission.SYSTEM_ALERT_WINDOW" />
18-->[com.facebook.react:react-android:0.73.0] AndroidManifest.xml:16:5-78
18-->[com.facebook.react:react-android:0.73.0] AndroidManifest.xml:16:22-75
19    <uses-permission android:name="android.permission.ACCESS_WIFI_STATE" />
19-->[com.facebook.flipper:flipper:0.201.0] AndroidManifest.xml:14:5-76
19-->[com.facebook.flipper:flipper:0.201.0] AndroidManifest.xml:14:22-73
20    <uses-permission android:name="android.permission.POST_NOTIFICATIONS" /> <!-- Required by older versions of Google Play services to create IID tokens -->
20-->[com.google.firebase:firebase-messaging:23.4.0] AndroidManifest.xml:23:5-77
20-->[com.google.firebase:firebase-messaging:23.4.0] AndroidManifest.xml:23:22-74
21    <uses-permission android:name="com.google.android.c2dm.permission.RECEIVE" />
21-->[com.google.firebase:firebase-messaging:23.4.0] AndroidManifest.xml:26:5-82
21-->[com.google.firebase:firebase-messaging:23.4.0] AndroidManifest.xml:26:22-79
22
23    <permission
23-->[androidx.core:core:1.9.0] AndroidManifest.xml:22:5-24:47
24        android:name="com.finalssna.DYNAMIC_RECEIVER_NOT_EXPORTED_PERMISSION"
24-->[androidx.core:core:1.9.0] AndroidManifest.xml:23:9-81
25        android:protectionLevel="signature" />
25-->[androidx.core:core:1.9.0] AndroidManifest.xml:24:9-44
26
27    <uses-permission android:name="com.finalssna.DYNAMIC_RECEIVER_NOT_EXPORTED_PERMISSION" /> <!-- for android -->
27-->[androidx.core:core:1.9.0] AndroidManifest.xml:26:5-97
27-->[androidx.core:core:1.9.0] AndroidManifest.xml:26:22-94
28    <!-- <uses-permission android:name="com.android.launcher.permission.READ_SETTINGS"/> -->
29    <!-- <uses-permission android:name="com.android.launcher.permission.WRITE_SETTINGS"/> -->
30    <!-- <uses-permission android:name="com.android.launcher.permission.INSTALL_SHORTCUT" /> -->
31    <!-- <uses-permission android:name="com.android.launcher.permission.UNINSTALL_SHORTCUT" /> -->
32    <!-- for Samsung -->
33    <uses-permission android:name="com.sec.android.provider.badge.permission.READ" />
33-->[me.leolin:ShortcutBadger:1.1.22] AndroidManifest.xml:19:5-86
33-->[me.leolin:ShortcutBadger:1.1.22] AndroidManifest.xml:19:22-83
34    <uses-permission android:name="com.sec.android.provider.badge.permission.WRITE" /> <!-- for htc -->
34-->[me.leolin:ShortcutBadger:1.1.22] AndroidManifest.xml:20:5-87
34-->[me.leolin:ShortcutBadger:1.1.22] AndroidManifest.xml:20:22-84
35    <uses-permission android:name="com.htc.launcher.permission.READ_SETTINGS" />
35-->[me.leolin:ShortcutBadger:1.1.22] AndroidManifest.xml:23:5-81
35-->[me.leolin:ShortcutBadger:1.1.22] AndroidManifest.xml:23:22-78
36    <uses-permission android:name="com.htc.launcher.permission.UPDATE_SHORTCUT" /> <!-- for sony -->
36-->[me.leolin:ShortcutBadger:1.1.22] AndroidManifest.xml:24:5-83
36-->[me.leolin:ShortcutBadger:1.1.22] AndroidManifest.xml:24:22-80
37    <uses-permission android:name="com.sonyericsson.home.permission.BROADCAST_BADGE" />
37-->[me.leolin:ShortcutBadger:1.1.22] AndroidManifest.xml:27:5-88
37-->[me.leolin:ShortcutBadger:1.1.22] AndroidManifest.xml:27:22-85
38    <uses-permission android:name="com.sonymobile.home.permission.PROVIDER_INSERT_BADGE" /> <!-- for apex -->
38-->[me.leolin:ShortcutBadger:1.1.22] AndroidManifest.xml:28:5-92
38-->[me.leolin:ShortcutBadger:1.1.22] AndroidManifest.xml:28:22-89
39    <uses-permission android:name="com.anddoes.launcher.permission.UPDATE_COUNT" /> <!-- for solid -->
39-->[me.leolin:ShortcutBadger:1.1.22] AndroidManifest.xml:31:5-84
39-->[me.leolin:ShortcutBadger:1.1.22] AndroidManifest.xml:31:22-81
40    <uses-permission android:name="com.majeur.launcher.permission.UPDATE_BADGE" /> <!-- for huawei -->
40-->[me.leolin:ShortcutBadger:1.1.22] AndroidManifest.xml:34:5-83
40-->[me.leolin:ShortcutBadger:1.1.22] AndroidManifest.xml:34:22-80
41    <uses-permission android:name="com.huawei.android.launcher.permission.CHANGE_BADGE" />
41-->[me.leolin:ShortcutBadger:1.1.22] AndroidManifest.xml:37:5-91
41-->[me.leolin:ShortcutBadger:1.1.22] AndroidManifest.xml:37:22-88
42    <uses-permission android:name="com.huawei.android.launcher.permission.READ_SETTINGS" />
42-->[me.leolin:ShortcutBadger:1.1.22] AndroidManifest.xml:38:5-92
42-->[me.leolin:ShortcutBadger:1.1.22] AndroidManifest.xml:38:22-89
43    <uses-permission android:name="com.huawei.android.launcher.permission.WRITE_SETTINGS" /> <!-- for ZUK -->
43-->[me.leolin:ShortcutBadger:1.1.22] AndroidManifest.xml:39:5-93
43-->[me.leolin:ShortcutBadger:1.1.22] AndroidManifest.xml:39:22-90
44    <uses-permission android:name="android.permission.READ_APP_BADGE" /> <!-- for OPPO -->
44-->[me.leolin:ShortcutBadger:1.1.22] AndroidManifest.xml:42:5-73
44-->[me.leolin:ShortcutBadger:1.1.22] AndroidManifest.xml:42:22-70
45    <uses-permission android:name="com.oppo.launcher.permission.READ_SETTINGS" />
45-->[me.leolin:ShortcutBadger:1.1.22] AndroidManifest.xml:45:5-82
45-->[me.leolin:ShortcutBadger:1.1.22] AndroidManifest.xml:45:22-79
46    <uses-permission android:name="com.oppo.launcher.permission.WRITE_SETTINGS" /> <!-- for EvMe -->
46-->[me.leolin:ShortcutBadger:1.1.22] AndroidManifest.xml:46:5-83
46-->[me.leolin:ShortcutBadger:1.1.22] AndroidManifest.xml:46:22-80
47    <uses-permission android:name="me.everything.badger.permission.BADGE_COUNT_READ" />
47-->[me.leolin:ShortcutBadger:1.1.22] AndroidManifest.xml:49:5-88
47-->[me.leolin:ShortcutBadger:1.1.22] AndroidManifest.xml:49:22-85
48    <uses-permission android:name="me.everything.badger.permission.BADGE_COUNT_WRITE" />
48-->[me.leolin:ShortcutBadger:1.1.22] AndroidManifest.xml:50:5-89
48-->[me.leolin:ShortcutBadger:1.1.22] AndroidManifest.xml:50:22-86
49
50    <application
50-->src\main\AndroidManifest.xml:5:5-24:19
51        android:name="com.finalssna.MainApplication"
51-->src\main\AndroidManifest.xml:6:7-38
52        android:allowBackup="false"
52-->src\main\AndroidManifest.xml:10:7-34
53        android:appComponentFactory="androidx.core.app.CoreComponentFactory"
53-->[androidx.core:core:1.9.0] AndroidManifest.xml:28:18-86
54        android:debuggable="true"
55        android:extractNativeLibs="true"
56        android:icon="@mipmap/ic_launcher"
56-->src\main\AndroidManifest.xml:8:7-41
57        android:label="@string/app_name"
57-->src\main\AndroidManifest.xml:7:7-39
58        android:roundIcon="@mipmap/ic_launcher_round"
58-->src\main\AndroidManifest.xml:9:7-52
59        android:theme="@style/AppTheme"
59-->src\main\AndroidManifest.xml:11:7-38
60        android:usesCleartextTraffic="true" >
60-->src\debug\AndroidManifest.xml:6:9-44
61        <activity
61-->src\main\AndroidManifest.xml:12:7-23:18
62            android:name="com.finalssna.MainActivity"
62-->src\main\AndroidManifest.xml:13:9-37
63            android:configChanges="keyboard|keyboardHidden|orientation|screenLayout|screenSize|smallestScreenSize|uiMode"
63-->src\main\AndroidManifest.xml:15:9-118
64            android:exported="true"
64-->src\main\AndroidManifest.xml:18:9-32
65            android:label="@string/app_name"
65-->src\main\AndroidManifest.xml:14:9-41
66            android:launchMode="singleTask"
66-->src\main\AndroidManifest.xml:16:9-40
67            android:windowSoftInputMode="adjustResize" >
67-->src\main\AndroidManifest.xml:17:9-51
68            <intent-filter>
68-->src\main\AndroidManifest.xml:19:9-22:25
69                <action android:name="android.intent.action.MAIN" />
69-->src\main\AndroidManifest.xml:20:13-65
69-->src\main\AndroidManifest.xml:20:21-62
70
71                <category android:name="android.intent.category.LAUNCHER" />
71-->src\main\AndroidManifest.xml:21:13-73
71-->src\main\AndroidManifest.xml:21:23-70
72            </intent-filter>
73        </activity>
74
75        <meta-data
75-->[:react-native-firebase_app] AndroidManifest.xml:9:9-11:36
76            android:name="app_data_collection_default_enabled"
76-->[:react-native-firebase_app] AndroidManifest.xml:10:13-63
77            android:value="true" />
77-->[:react-native-firebase_app] AndroidManifest.xml:11:13-33
78
79        <service
79-->[:react-native-firebase_app] AndroidManifest.xml:13:9-21:19
80            android:name="com.google.firebase.components.ComponentDiscoveryService"
80-->[:react-native-firebase_app] AndroidManifest.xml:14:13-84
81            android:directBootAware="true"
81-->[:react-native-firebase_app] AndroidManifest.xml:15:13-43
82            android:exported="false" >
82-->[:react-native-firebase_app] AndroidManifest.xml:16:13-37
83            <meta-data
83-->[:react-native-firebase_app] AndroidManifest.xml:18:13-20:85
84                android:name="com.google.firebase.components:io.invertase.firebase.app.ReactNativeFirebaseAppRegistrar"
84-->[:react-native-firebase_app] AndroidManifest.xml:19:17-120
85                android:value="com.google.firebase.components.ComponentRegistrar" />
85-->[:react-native-firebase_app] AndroidManifest.xml:20:17-82
86            <meta-data
86-->[com.google.firebase:firebase-auth:22.3.0] AndroidManifest.xml:69:13-71:85
87                android:name="com.google.firebase.components:com.google.firebase.auth.FirebaseAuthRegistrar"
87-->[com.google.firebase:firebase-auth:22.3.0] AndroidManifest.xml:70:17-109
88                android:value="com.google.firebase.components.ComponentRegistrar" />
88-->[com.google.firebase:firebase-auth:22.3.0] AndroidManifest.xml:71:17-82
89            <meta-data
89-->[com.google.firebase:firebase-database:20.3.0] AndroidManifest.xml:29:13-31:85
90                android:name="com.google.firebase.components:com.google.firebase.database.FirebaseDatabaseKtxRegistrar"
90-->[com.google.firebase:firebase-database:20.3.0] AndroidManifest.xml:30:17-120
91                android:value="com.google.firebase.components.ComponentRegistrar" />
91-->[com.google.firebase:firebase-database:20.3.0] AndroidManifest.xml:31:17-82
92            <meta-data
92-->[com.google.firebase:firebase-database:20.3.0] AndroidManifest.xml:32:13-34:85
93                android:name="com.google.firebase.components:com.google.firebase.database.DatabaseRegistrar"
93-->[com.google.firebase:firebase-database:20.3.0] AndroidManifest.xml:33:17-109
94                android:value="com.google.firebase.components.ComponentRegistrar" />
94-->[com.google.firebase:firebase-database:20.3.0] AndroidManifest.xml:34:17-82
95            <meta-data
95-->[com.google.firebase:firebase-messaging:23.4.0] AndroidManifest.xml:57:13-59:85
96                android:name="com.google.firebase.components:com.google.firebase.messaging.FirebaseMessagingKtxRegistrar"
96-->[com.google.firebase:firebase-messaging:23.4.0] AndroidManifest.xml:58:17-122
97                android:value="com.google.firebase.components.ComponentRegistrar" />
97-->[com.google.firebase:firebase-messaging:23.4.0] AndroidManifest.xml:59:17-82
98            <meta-data
98-->[com.google.firebase:firebase-messaging:23.4.0] AndroidManifest.xml:60:13-62:85
99                android:name="com.google.firebase.components:com.google.firebase.messaging.FirebaseMessagingRegistrar"
99-->[com.google.firebase:firebase-messaging:23.4.0] AndroidManifest.xml:61:17-119
100                android:value="com.google.firebase.components.ComponentRegistrar" />
100-->[com.google.firebase:firebase-messaging:23.4.0] AndroidManifest.xml:62:17-82
101            <meta-data
101-->[com.google.firebase:firebase-installations:17.2.0] AndroidManifest.xml:15:13-17:85
102                android:name="com.google.firebase.components:com.google.firebase.installations.FirebaseInstallationsKtxRegistrar"
102-->[com.google.firebase:firebase-installations:17.2.0] AndroidManifest.xml:16:17-130
103                android:value="com.google.firebase.components.ComponentRegistrar" />
103-->[com.google.firebase:firebase-installations:17.2.0] AndroidManifest.xml:17:17-82
104            <meta-data
104-->[com.google.firebase:firebase-installations:17.2.0] AndroidManifest.xml:18:13-20:85
105                android:name="com.google.firebase.components:com.google.firebase.installations.FirebaseInstallationsRegistrar"
105-->[com.google.firebase:firebase-installations:17.2.0] AndroidManifest.xml:19:17-127
106                android:value="com.google.firebase.components.ComponentRegistrar" />
106-->[com.google.firebase:firebase-installations:17.2.0] AndroidManifest.xml:20:17-82
107            <meta-data
107-->[com.google.firebase:firebase-common-ktx:20.4.2] AndroidManifest.xml:12:13-14:85
108                android:name="com.google.firebase.components:com.google.firebase.ktx.FirebaseCommonLegacyRegistrar"
108-->[com.google.firebase:firebase-common-ktx:20.4.2] AndroidManifest.xml:13:17-116
109                android:value="com.google.firebase.components.ComponentRegistrar" />
109-->[com.google.firebase:firebase-common-ktx:20.4.2] AndroidManifest.xml:14:17-82
110            <meta-data
110-->[com.google.firebase:firebase-common:20.4.2] AndroidManifest.xml:35:13-37:85
111                android:name="com.google.firebase.components:com.google.firebase.FirebaseCommonKtxRegistrar"
111-->[com.google.firebase:firebase-common:20.4.2] AndroidManifest.xml:36:17-109
112                android:value="com.google.firebase.components.ComponentRegistrar" />
112-->[com.google.firebase:firebase-common:20.4.2] AndroidManifest.xml:37:17-82
113            <meta-data
113-->[com.google.firebase:firebase-datatransport:18.1.7] AndroidManifest.xml:27:13-29:85
114                android:name="com.google.firebase.components:com.google.firebase.datatransport.TransportRegistrar"
114-->[com.google.firebase:firebase-datatransport:18.1.7] AndroidManifest.xml:28:17-115
115                android:value="com.google.firebase.components.ComponentRegistrar" />
115-->[com.google.firebase:firebase-datatransport:18.1.7] AndroidManifest.xml:29:17-82
116        </service>
117
118        <provider
118-->[:react-native-firebase_app] AndroidManifest.xml:23:9-27:38
119            android:name="io.invertase.firebase.app.ReactNativeFirebaseAppInitProvider"
119-->[:react-native-firebase_app] AndroidManifest.xml:24:13-88
120            android:authorities="com.finalssna.reactnativefirebaseappinitprovider"
120-->[:react-native-firebase_app] AndroidManifest.xml:25:13-86
121            android:exported="false"
121-->[:react-native-firebase_app] AndroidManifest.xml:26:13-37
122            android:initOrder="99" />
122-->[:react-native-firebase_app] AndroidManifest.xml:27:13-35
123
124        <activity
124-->[com.facebook.react:react-android:0.73.0] AndroidManifest.xml:19:9-21:40
125            android:name="com.facebook.react.devsupport.DevSettingsActivity"
125-->[com.facebook.react:react-android:0.73.0] AndroidManifest.xml:20:13-77
126            android:exported="false" />
126-->[com.facebook.react:react-android:0.73.0] AndroidManifest.xml:21:13-37
127        <activity
127-->[com.google.firebase:firebase-auth:22.3.0] AndroidManifest.xml:29:9-46:20
128            android:name="com.google.firebase.auth.internal.GenericIdpActivity"
128-->[com.google.firebase:firebase-auth:22.3.0] AndroidManifest.xml:30:13-80
129            android:excludeFromRecents="true"
129-->[com.google.firebase:firebase-auth:22.3.0] AndroidManifest.xml:31:13-46
130            android:exported="true"
130-->[com.google.firebase:firebase-auth:22.3.0] AndroidManifest.xml:32:13-36
131            android:launchMode="singleTask"
131-->[com.google.firebase:firebase-auth:22.3.0] AndroidManifest.xml:33:13-44
132            android:theme="@android:style/Theme.Translucent.NoTitleBar" >
132-->[com.google.firebase:firebase-auth:22.3.0] AndroidManifest.xml:34:13-72
133            <intent-filter>
133-->[com.google.firebase:firebase-auth:22.3.0] AndroidManifest.xml:35:13-45:29
134                <action android:name="android.intent.action.VIEW" />
134-->[com.google.firebase:firebase-auth:22.3.0] AndroidManifest.xml:36:17-69
134-->[com.google.firebase:firebase-auth:22.3.0] AndroidManifest.xml:36:25-66
135
136                <category android:name="android.intent.category.DEFAULT" />
136-->[com.google.firebase:firebase-auth:22.3.0] AndroidManifest.xml:38:17-76
136-->[com.google.firebase:firebase-auth:22.3.0] AndroidManifest.xml:38:27-73
137                <category android:name="android.intent.category.BROWSABLE" />
137-->[com.google.firebase:firebase-auth:22.3.0] AndroidManifest.xml:39:17-78
137-->[com.google.firebase:firebase-auth:22.3.0] AndroidManifest.xml:39:27-75
138
139                <data
139-->[com.google.firebase:firebase-auth:22.3.0] AndroidManifest.xml:41:17-44:51
140                    android:host="firebase.auth"
140-->[com.google.firebase:firebase-auth:22.3.0] AndroidManifest.xml:42:21-49
141                    android:path="/"
141-->[com.google.firebase:firebase-auth:22.3.0] AndroidManifest.xml:43:21-37
142                    android:scheme="genericidp" />
142-->[com.google.firebase:firebase-auth:22.3.0] AndroidManifest.xml:44:21-48
143            </intent-filter>
144        </activity>
145        <activity
145-->[com.google.firebase:firebase-auth:22.3.0] AndroidManifest.xml:47:9-64:20
146            android:name="com.google.firebase.auth.internal.RecaptchaActivity"
146-->[com.google.firebase:firebase-auth:22.3.0] AndroidManifest.xml:48:13-79
147            android:excludeFromRecents="true"
147-->[com.google.firebase:firebase-auth:22.3.0] AndroidManifest.xml:49:13-46
148            android:exported="true"
148-->[com.google.firebase:firebase-auth:22.3.0] AndroidManifest.xml:50:13-36
149            android:launchMode="singleTask"
149-->[com.google.firebase:firebase-auth:22.3.0] AndroidManifest.xml:51:13-44
150            android:theme="@android:style/Theme.Translucent.NoTitleBar" >
150-->[com.google.firebase:firebase-auth:22.3.0] AndroidManifest.xml:52:13-72
151            <intent-filter>
151-->[com.google.firebase:firebase-auth:22.3.0] AndroidManifest.xml:53:13-63:29
152                <action android:name="android.intent.action.VIEW" />
152-->[com.google.firebase:firebase-auth:22.3.0] AndroidManifest.xml:36:17-69
152-->[com.google.firebase:firebase-auth:22.3.0] AndroidManifest.xml:36:25-66
153
154                <category android:name="android.intent.category.DEFAULT" />
154-->[com.google.firebase:firebase-auth:22.3.0] AndroidManifest.xml:38:17-76
154-->[com.google.firebase:firebase-auth:22.3.0] AndroidManifest.xml:38:27-73
155                <category android:name="android.intent.category.BROWSABLE" />
155-->[com.google.firebase:firebase-auth:22.3.0] AndroidManifest.xml:39:17-78
155-->[com.google.firebase:firebase-auth:22.3.0] AndroidManifest.xml:39:27-75
156
157                <data
157-->[com.google.firebase:firebase-auth:22.3.0] AndroidManifest.xml:41:17-44:51
158                    android:host="firebase.auth"
158-->[com.google.firebase:firebase-auth:22.3.0] AndroidManifest.xml:42:21-49
159                    android:path="/"
159-->[com.google.firebase:firebase-auth:22.3.0] AndroidManifest.xml:43:21-37
160                    android:scheme="recaptcha" />
160-->[com.google.firebase:firebase-auth:22.3.0] AndroidManifest.xml:44:21-48
161            </intent-filter>
162        </activity>
163        <activity
163-->[com.google.android.gms:play-services-auth:20.7.0] AndroidManifest.xml:23:9-27:75
164            android:name="com.google.android.gms.auth.api.signin.internal.SignInHubActivity"
164-->[com.google.android.gms:play-services-auth:20.7.0] AndroidManifest.xml:24:13-93
165            android:excludeFromRecents="true"
165-->[com.google.android.gms:play-services-auth:20.7.0] AndroidManifest.xml:25:13-46
166            android:exported="false"
166-->[com.google.android.gms:play-services-auth:20.7.0] AndroidManifest.xml:26:13-37
167            android:theme="@android:style/Theme.Translucent.NoTitleBar" />
167-->[com.google.android.gms:play-services-auth:20.7.0] AndroidManifest.xml:27:13-72
168        <!--
169            Service handling Google Sign-In user revocation. For apps that do not integrate with
170            Google Sign-In, this service will never be started.
171        -->
172        <service
172-->[com.google.android.gms:play-services-auth:20.7.0] AndroidManifest.xml:33:9-37:51
173            android:name="com.google.android.gms.auth.api.signin.RevocationBoundService"
173-->[com.google.android.gms:play-services-auth:20.7.0] AndroidManifest.xml:34:13-89
174            android:exported="true"
174-->[com.google.android.gms:play-services-auth:20.7.0] AndroidManifest.xml:35:13-36
175            android:permission="com.google.android.gms.auth.api.signin.permission.REVOCATION_NOTIFICATION"
175-->[com.google.android.gms:play-services-auth:20.7.0] AndroidManifest.xml:36:13-107
176            android:visibleToInstantApps="true" />
176-->[com.google.android.gms:play-services-auth:20.7.0] AndroidManifest.xml:37:13-48
177
178        <receiver
178-->[com.google.firebase:firebase-messaging:23.4.0] AndroidManifest.xml:29:9-40:20
179            android:name="com.google.firebase.iid.FirebaseInstanceIdReceiver"
179-->[com.google.firebase:firebase-messaging:23.4.0] AndroidManifest.xml:30:13-78
180            android:exported="true"
180-->[com.google.firebase:firebase-messaging:23.4.0] AndroidManifest.xml:31:13-36
181            android:permission="com.google.android.c2dm.permission.SEND" >
181-->[com.google.firebase:firebase-messaging:23.4.0] AndroidManifest.xml:32:13-73
182            <intent-filter>
182-->[com.google.firebase:firebase-messaging:23.4.0] AndroidManifest.xml:33:13-35:29
183                <action android:name="com.google.android.c2dm.intent.RECEIVE" />
183-->[com.google.firebase:firebase-messaging:23.4.0] AndroidManifest.xml:34:17-81
183-->[com.google.firebase:firebase-messaging:23.4.0] AndroidManifest.xml:34:25-78
184            </intent-filter>
185
186            <meta-data
186-->[com.google.firebase:firebase-messaging:23.4.0] AndroidManifest.xml:37:13-39:40
187                android:name="com.google.android.gms.cloudmessaging.FINISHED_AFTER_HANDLED"
187-->[com.google.firebase:firebase-messaging:23.4.0] AndroidManifest.xml:38:17-92
188                android:value="true" />
188-->[com.google.firebase:firebase-messaging:23.4.0] AndroidManifest.xml:39:17-37
189        </receiver>
190        <!--
191             FirebaseMessagingService performs security checks at runtime,
192             but set to not exported to explicitly avoid allowing another app to call it.
193        -->
194        <service
194-->[com.google.firebase:firebase-messaging:23.4.0] AndroidManifest.xml:46:9-53:19
195            android:name="com.google.firebase.messaging.FirebaseMessagingService"
195-->[com.google.firebase:firebase-messaging:23.4.0] AndroidManifest.xml:47:13-82
196            android:directBootAware="true"
196-->[com.google.firebase:firebase-messaging:23.4.0] AndroidManifest.xml:48:13-43
197            android:exported="false" >
197-->[com.google.firebase:firebase-messaging:23.4.0] AndroidManifest.xml:49:13-37
198            <intent-filter android:priority="-500" >
198-->[com.google.firebase:firebase-messaging:23.4.0] AndroidManifest.xml:50:13-52:29
198-->[com.google.firebase:firebase-messaging:23.4.0] AndroidManifest.xml:50:28-51
199                <action android:name="com.google.firebase.MESSAGING_EVENT" />
199-->[com.google.firebase:firebase-messaging:23.4.0] AndroidManifest.xml:51:17-78
199-->[com.google.firebase:firebase-messaging:23.4.0] AndroidManifest.xml:51:25-75
200            </intent-filter>
201        </service>
202
203        <provider
203-->[com.google.firebase:firebase-common:20.4.2] AndroidManifest.xml:23:9-28:39
204            android:name="com.google.firebase.provider.FirebaseInitProvider"
204-->[com.google.firebase:firebase-common:20.4.2] AndroidManifest.xml:24:13-77
205            android:authorities="com.finalssna.firebaseinitprovider"
205-->[com.google.firebase:firebase-common:20.4.2] AndroidManifest.xml:25:13-72
206            android:directBootAware="true"
206-->[com.google.firebase:firebase-common:20.4.2] AndroidManifest.xml:26:13-43
207            android:exported="false"
207-->[com.google.firebase:firebase-common:20.4.2] AndroidManifest.xml:27:13-37
208            android:initOrder="100" />
208-->[com.google.firebase:firebase-common:20.4.2] AndroidManifest.xml:28:13-36
209
210        <activity
210-->[com.google.android.gms:play-services-base:18.1.0] AndroidManifest.xml:20:9-22:45
211            android:name="com.google.android.gms.common.api.GoogleApiActivity"
211-->[com.google.android.gms:play-services-base:18.1.0] AndroidManifest.xml:20:19-85
212            android:exported="false"
212-->[com.google.android.gms:play-services-base:18.1.0] AndroidManifest.xml:22:19-43
213            android:theme="@android:style/Theme.Translucent.NoTitleBar" />
213-->[com.google.android.gms:play-services-base:18.1.0] AndroidManifest.xml:21:19-78
214
215        <meta-data
215-->[com.google.android.gms:play-services-basement:18.2.0] AndroidManifest.xml:21:9-23:69
216            android:name="com.google.android.gms.version"
216-->[com.google.android.gms:play-services-basement:18.2.0] AndroidManifest.xml:22:13-58
217            android:value="@integer/google_play_services_version" />
217-->[com.google.android.gms:play-services-basement:18.2.0] AndroidManifest.xml:23:13-66
218
219        <service
219-->[com.google.android.datatransport:transport-backend-cct:3.1.8] AndroidManifest.xml:28:9-34:19
220            android:name="com.google.android.datatransport.runtime.backends.TransportBackendDiscovery"
220-->[com.google.android.datatransport:transport-backend-cct:3.1.8] AndroidManifest.xml:29:13-103
221            android:exported="false" >
221-->[com.google.android.datatransport:transport-backend-cct:3.1.8] AndroidManifest.xml:30:13-37
222            <meta-data
222-->[com.google.android.datatransport:transport-backend-cct:3.1.8] AndroidManifest.xml:31:13-33:39
223                android:name="backend:com.google.android.datatransport.cct.CctBackendFactory"
223-->[com.google.android.datatransport:transport-backend-cct:3.1.8] AndroidManifest.xml:32:17-94
224                android:value="cct" />
224-->[com.google.android.datatransport:transport-backend-cct:3.1.8] AndroidManifest.xml:33:17-36
225        </service>
226        <service
226-->[com.google.android.datatransport:transport-runtime:3.1.8] AndroidManifest.xml:26:9-30:19
227            android:name="com.google.android.datatransport.runtime.scheduling.jobscheduling.JobInfoSchedulerService"
227-->[com.google.android.datatransport:transport-runtime:3.1.8] AndroidManifest.xml:27:13-117
228            android:exported="false"
228-->[com.google.android.datatransport:transport-runtime:3.1.8] AndroidManifest.xml:28:13-37
229            android:permission="android.permission.BIND_JOB_SERVICE" >
229-->[com.google.android.datatransport:transport-runtime:3.1.8] AndroidManifest.xml:29:13-69
230        </service>
231
232        <receiver
232-->[com.google.android.datatransport:transport-runtime:3.1.8] AndroidManifest.xml:32:9-34:40
233            android:name="com.google.android.datatransport.runtime.scheduling.jobscheduling.AlarmManagerSchedulerBroadcastReceiver"
233-->[com.google.android.datatransport:transport-runtime:3.1.8] AndroidManifest.xml:33:13-132
234            android:exported="false" />
234-->[com.google.android.datatransport:transport-runtime:3.1.8] AndroidManifest.xml:34:13-37
235
236        <provider
236-->[androidx.emoji2:emoji2:1.2.0] AndroidManifest.xml:24:9-32:20
237            android:name="androidx.startup.InitializationProvider"
237-->[androidx.emoji2:emoji2:1.2.0] AndroidManifest.xml:25:13-67
238            android:authorities="com.finalssna.androidx-startup"
238-->[androidx.emoji2:emoji2:1.2.0] AndroidManifest.xml:26:13-68
239            android:exported="false" >
239-->[androidx.emoji2:emoji2:1.2.0] AndroidManifest.xml:27:13-37
240            <meta-data
240-->[androidx.emoji2:emoji2:1.2.0] AndroidManifest.xml:29:13-31:52
241                android:name="androidx.emoji2.text.EmojiCompatInitializer"
241-->[androidx.emoji2:emoji2:1.2.0] AndroidManifest.xml:30:17-75
242                android:value="androidx.startup" />
242-->[androidx.emoji2:emoji2:1.2.0] AndroidManifest.xml:31:17-49
243            <meta-data
243-->[androidx.lifecycle:lifecycle-process:2.4.1] AndroidManifest.xml:31:13-33:52
244                android:name="androidx.lifecycle.ProcessLifecycleInitializer"
244-->[androidx.lifecycle:lifecycle-process:2.4.1] AndroidManifest.xml:32:17-78
245                android:value="androidx.startup" />
245-->[androidx.lifecycle:lifecycle-process:2.4.1] AndroidManifest.xml:33:17-49
246        </provider>
247
248        <meta-data
248-->[com.facebook.soloader:soloader:0.10.5] AndroidManifest.xml:12:9-14:37
249            android:name="com.facebook.soloader.enabled"
249-->[com.facebook.soloader:soloader:0.10.5] AndroidManifest.xml:13:13-57
250            android:value="false" />
250-->[com.facebook.soloader:soloader:0.10.5] AndroidManifest.xml:14:13-34
251    </application>
252
253</manifest>